0 info it worked if it ends with ok
1 verbose cli [ '/Users/jhu/.nvm/versions/node/v4.2.4/bin/node',
1 verbose cli   '/Users/jhu/.nvm/versions/node/v4.2.4/bin/npm',
1 verbose cli   'start' ]
2 info using npm@3.5.3
3 info using node@v4.2.4
4 verbose run-script [ 'prestart', 'start', 'poststart' ]
5 info lifecycle react-pagination-example@1.0.0~prestart: react-pagination-example@1.0.0
6 silly lifecycle react-pagination-example@1.0.0~prestart: no script for prestart, continuing
7 info lifecycle react-pagination-example@1.0.0~start: react-pagination-example@1.0.0
8 verbose lifecycle react-pagination-example@1.0.0~start: unsafe-perm in lifecycle true
9 verbose lifecycle react-pagination-example@1.0.0~start: PATH: /Users/jhu/.nvm/versions/node/v4.2.4/lib/node_modules/npm/bin/node-gyp-bin:/Volumes/Data2/canada_paginate/react-pagination-example/node_modules/.bin:/Users/jhu/.rvm/gems/ruby-2.5.0/bin:/Users/jhu/.rvm/gems/ruby-2.5.0@global/bin:/Users/jhu/.rvm/rubies/ruby-2.5.0/bin:/Users/jhu/.nvm/versions/node/v4.2.4/bin:/usr/local/bin:/usr/bin:/bin:/usr/sbin:/sbin:/Users/jhu/.rvm/bin
10 verbose lifecycle react-pagination-example@1.0.0~start: CWD: /Volumes/Data2/canada_paginate/react-pagination-example
11 silly lifecycle react-pagination-example@1.0.0~start: Args: [ '-c', 'webpack-dev-server --open' ]
12 silly lifecycle react-pagination-example@1.0.0~start: Returned: code: 1  signal: null
13 info lifecycle react-pagination-example@1.0.0~start: Failed to exec start script
14 verbose stack Error: react-pagination-example@1.0.0 start: `webpack-dev-server --open`
14 verbose stack Exit status 1
14 verbose stack     at EventEmitter.<anonymous> (/Users/jhu/.nvm/versions/node/v4.2.4/lib/node_modules/npm/lib/utils/lifecycle.js:232:16)
14 verbose stack     at emitTwo (events.js:87:13)
14 verbose stack     at EventEmitter.emit (events.js:172:7)
14 verbose stack     at ChildProcess.<anonymous> (/Users/jhu/.nvm/versions/node/v4.2.4/lib/node_modules/npm/lib/utils/spawn.js:24:14)
14 verbose stack     at emitTwo (events.js:87:13)
14 verbose stack     at ChildProcess.emit (events.js:172:7)
14 verbose stack     at maybeClose (internal/child_process.js:818:16)
14 verbose stack     at Process.ChildProcess._handle.onexit (internal/child_process.js:211:5)
15 verbose pkgid react-pagination-example@1.0.0
16 verbose cwd /Volumes/Data2/canada_paginate/react-pagination-example
17 error Darwin 17.7.0
18 error argv "/Users/jhu/.nvm/versions/node/v4.2.4/bin/node" "/Users/jhu/.nvm/versions/node/v4.2.4/bin/npm" "start"
19 error node v4.2.4
20 error npm  v3.5.3
21 error code ELIFECYCLE
22 error react-pagination-example@1.0.0 start: `webpack-dev-server --open`
22 error Exit status 1
23 error Failed at the react-pagination-example@1.0.0 start script 'webpack-dev-server --open'.
23 error Make sure you have the latest version of node.js and npm installed.
23 error If you do, this is most likely a problem with the react-pagination-example package,
23 error not with npm itself.
23 error Tell the author that this fails on your system:
23 error     webpack-dev-server --open
23 error You can get information on how to open an issue for this project with:
23 error     npm bugs react-pagination-example
23 error Or if that isn't available, you can get their info via:
23 error     npm owner ls react-pagination-example
23 error There is likely additional logging output above.
24 verbose exit [ 1, true ]
